<?xml version="1.0" encoding="UTF-8"?>
<!-- Generated by org.testng.reporters.JUnitXMLReporter -->
<testsuite ignored="0" hostname="LAPTOP-C1KGDM9L" failures="0" tests="5" name="Test1" time="85.165" errors="0" timestamp="2023-04-24T19:28:09 IST">
  <testcase classname="com.testng.Flipkart" name="@BeforeClass launch" time="84.746">
    <failure type="org.openqa.selenium.remote.http.ConnectionFailedException" message="Unable to establish websocket connection to http://localhost:49653/devtools/browser/d5d93781-a89f-4a5d-8704-bb81a1e8e4d1
Build info: version: &amp;apos;4.1.2&amp;apos;, revision: &amp;apos;9a5a329c5a&amp;apos;
System info: host: &amp;apos;LAPTOP-C1KGDM9L&amp;apos;, ip: &amp;apos;192.168.1.4&amp;apos;, os.name: &amp;apos;Windows 10&amp;apos;, os.arch: &amp;apos;amd64&amp;apos;, os.version: &amp;apos;10.0&amp;apos;, java.version: &amp;apos;17.0.2&amp;apos;
Driver info: driver.version: ChromeDriver">
      <![CDATA[org.openqa.selenium.remote.http.ConnectionFailedException: Unable to establish websocket connection to http://localhost:49653/devtools/browser/d5d93781-a89f-4a5d-8704-bb81a1e8e4d1
Build info: version: '4.1.2', revision: '9a5a329c5a'
System info: host: 'LAPTOP-C1KGDM9L', ip: '192.168.1.4', os.name: 'Windows 10', os.arch: 'amd64', os.version: '10.0', java.version: '17.0.2'
Driver info: driver.version: ChromeDriver
at org.openqa.selenium.remote.http.netty.NettyWebSocket.<init>(NettyWebSocket.java:104)
at org.openqa.selenium.remote.http.netty.NettyWebSocket.lambda$create$3(NettyWebSocket.java:137)
at org.openqa.selenium.remote.http.netty.NettyClient.openSocket(NettyClient.java:118)
at org.openqa.selenium.devtools.Connection.<init>(Connection.java:77)
at org.openqa.selenium.chromium.ChromiumDriver.lambda$new$2(ChromiumDriver.java:124)
at java.base/java.util.Optional.map(Optional.java:260)
at org.openqa.selenium.chromium.ChromiumDriver.<init>(ChromiumDriver.java:122)
at org.openqa.selenium.chrome.ChromeDriver.<init>(ChromeDriver.java:106)
at org.openqa.selenium.chrome.ChromeDriver.<init>(ChromeDriver.java:93)
at org.openqa.selenium.chrome.ChromeDriver.<init>(ChromeDriver.java:82)
at com.testng.Flipkart.launch(Flipkart.java:56)
at java.base/java.util.ArrayList.forEach(ArrayList.java:1511)
at java.base/java.util.concurrent.FutureTask.run(FutureTask.java:264)
at java.base/java.util.concurrent.ThreadPoolExecutor.runWorker(ThreadPoolExecutor.java:1136)
at java.base/java.util.concurrent.ThreadPoolExecutor$Worker.run(ThreadPoolExecutor.java:635)
at java.base/java.lang.Thread.run(Thread.java:833)
... Removed 16 stack frames]]>
    </failure>
  </testcase> <!-- @BeforeClass launch -->
  <testcase classname="com.testng.Flipkart" name="@BeforeMethod startTime" time="-1.682344689506E9">
    <skipped/>
  </testcase> <!-- @BeforeMethod startTime -->
  <testcase classname="com.testng.Flipkart" name="@AfterMethod endTime" time="-1.682344689523E9">
    <skipped/>
  </testcase> <!-- @AfterMethod endTime -->
  <testcase classname="com.testng.Flipkart" name="@BeforeMethod startTime" time="-1.682344689546E9">
    <skipped/>
  </testcase> <!-- @BeforeMethod startTime -->
  <testcase classname="com.testng.Flipkart" name="@AfterMethod endTime" time="-1.682344689592E9">
    <skipped/>
  </testcase> <!-- @AfterMethod endTime -->
  <testcase classname="com.testng.Flipkart" name="@BeforeMethod startTime" time="-1.682344689604E9">
    <skipped/>
  </testcase> <!-- @BeforeMethod startTime -->
  <testcase classname="com.testng.Flipkart" name="@AfterMethod endTime" time="-1.682344689649E9">
    <skipped/>
  </testcase> <!-- @AfterMethod endTime -->
  <testcase classname="com.testng.Flipkart" name="@BeforeMethod startTime" time="-1.682344689654E9">
    <skipped/>
  </testcase> <!-- @BeforeMethod startTime -->
  <testcase classname="com.testng.Flipkart" name="@AfterMethod endTime" time="-1.682344689666E9">
    <skipped/>
  </testcase> <!-- @AfterMethod endTime -->
  <testcase classname="com.testng.Flipkart" name="@BeforeMethod startTime" time="-1.68234468968E9">
    <skipped/>
  </testcase> <!-- @BeforeMethod startTime -->
  <testcase classname="com.testng.Flipkart" name="@AfterMethod endTime" time="-1.682344689688E9">
    <skipped/>
  </testcase> <!-- @AfterMethod endTime -->
  <testcase classname="com.testng.Flipkart" name="@AfterClass quit" time="-1.68234468969E9">
    <skipped/>
  </testcase> <!-- @AfterClass quit -->
  <testcase classname="com.testng.Flipkart" name="search" time="0.0">
    <skipped/>
  </testcase> <!-- search -->
  <testcase classname="com.testng.Flipkart" name="samsungModels" time="0.0">
    <skipped/>
  </testcase> <!-- samsungModels -->
  <testcase classname="com.testng.Flipkart" name="screenShot" time="0.0">
    <skipped/>
  </testcase> <!-- screenShot -->
  <testcase classname="com.testng.Flipkart" name="screenShot" time="0.0">
    <skipped/>
  </testcase> <!-- screenShot -->
  <testcase classname="com.testng.Flipkart" name="screenShot" time="0.0">
    <skipped/>
  </testcase> <!-- screenShot -->
</testsuite> <!-- Test1 -->
